c:\users\brend\onedrive\documentos\brenda\compu grafica\lab cgeihc\pf\release\vc143.pdb
c:\users\brend\onedrive\documentos\brenda\compu grafica\lab cgeihc\pf\release\window.obj
c:\users\brend\onedrive\documentos\brenda\compu grafica\lab cgeihc\pf\release\texture.obj
c:\users\brend\onedrive\documentos\brenda\compu grafica\lab cgeihc\pf\release\spotlight.obj
c:\users\brend\onedrive\documentos\brenda\compu grafica\lab cgeihc\pf\release\sphere.obj
c:\users\brend\onedrive\documentos\brenda\compu grafica\lab cgeihc\pf\release\skybox.obj
c:\users\brend\onedrive\documentos\brenda\compu grafica\lab cgeihc\pf\release\shader_light.obj
c:\users\brend\onedrive\documentos\brenda\compu grafica\lab cgeihc\pf\release\pointlight.obj
c:\users\brend\onedrive\documentos\brenda\compu grafica\lab cgeihc\pf\release\model.obj
c:\users\brend\onedrive\documentos\brenda\compu grafica\lab cgeihc\pf\release\mesh_tn.obj
c:\users\brend\onedrive\documentos\brenda\compu grafica\lab cgeihc\pf\release\material.obj
c:\users\brend\onedrive\documentos\brenda\compu grafica\lab cgeihc\pf\release\main.obj
c:\users\brend\onedrive\documentos\brenda\compu grafica\lab cgeihc\pf\release\light.obj
c:\users\brend\onedrive\documentos\brenda\compu grafica\lab cgeihc\pf\release\directionallight.obj
c:\users\brend\onedrive\documentos\brenda\compu grafica\lab cgeihc\pf\release\camera.obj
c:\users\brend\onedrive\documentos\brenda\compu grafica\lab cgeihc\release\pf.exe
c:\users\brend\onedrive\documentos\brenda\compu grafica\lab cgeihc\release\pf.pdb
c:\users\brend\onedrive\documentos\brenda\compu grafica\lab cgeihc\pf\release\pf.ipdb
c:\users\brend\onedrive\documentos\brenda\compu grafica\lab cgeihc\pf\release\pf.iobj
c:\users\brend\onedrive\documentos\brenda\compu grafica\lab cgeihc\pf\release\pf.tlog\cl.command.1.tlog
c:\users\brend\onedrive\documentos\brenda\compu grafica\lab cgeihc\pf\release\pf.tlog\cl.items.tlog
c:\users\brend\onedrive\documentos\brenda\compu grafica\lab cgeihc\pf\release\pf.tlog\cl.read.1.tlog
c:\users\brend\onedrive\documentos\brenda\compu grafica\lab cgeihc\pf\release\pf.tlog\cl.write.1.tlog
c:\users\brend\onedrive\documentos\brenda\compu grafica\lab cgeihc\pf\release\pf.tlog\link.command.1.tlog
c:\users\brend\onedrive\documentos\brenda\compu grafica\lab cgeihc\pf\release\pf.tlog\link.read.1.tlog
c:\users\brend\onedrive\documentos\brenda\compu grafica\lab cgeihc\pf\release\pf.tlog\link.secondary.1.tlog
c:\users\brend\onedrive\documentos\brenda\compu grafica\lab cgeihc\pf\release\pf.tlog\link.write.1.tlog
