  Window.cpp
  main.cpp
C:\Users\Brend\OneDrive\Documentos\BRENDA\Compu grafica\Lab CGeIHC\pf\Window.h(11,36): warning C4244: 'return': conversión de 'GLint' a 'GLfloat'; posible pérdida de datos
  (compilando archivo de origen "Window.cpp")
  
C:\Users\Brend\OneDrive\Documentos\BRENDA\Compu grafica\Lab CGeIHC\pf\Window.h(12,37): warning C4244: 'return': conversión de 'GLint' a 'GLfloat'; posible pérdida de datos
  (compilando archivo de origen "Window.cpp")
  
C:\Users\Brend\OneDrive\Documentos\BRENDA\Compu grafica\Lab CGeIHC\pf\Window.cpp(214,22): warning C4244: '=': conversión de 'double' a 'GLfloat'; posible pérdida de datos
C:\Users\Brend\OneDrive\Documentos\BRENDA\Compu grafica\Lab CGeIHC\pf\Window.cpp(215,22): warning C4244: '=': conversión de 'double' a 'GLfloat'; posible pérdida de datos
C:\Users\Brend\OneDrive\Documentos\BRENDA\Compu grafica\Lab CGeIHC\pf\Window.cpp(219,28): warning C4244: '=': conversión de 'double' a 'GLfloat'; posible pérdida de datos
C:\Users\Brend\OneDrive\Documentos\BRENDA\Compu grafica\Lab CGeIHC\pf\Window.cpp(220,40): warning C4244: '=': conversión de 'double' a 'GLfloat'; posible pérdida de datos
C:\Users\Brend\OneDrive\Documentos\BRENDA\Compu grafica\Lab CGeIHC\pf\Window.cpp(222,21): warning C4244: '=': conversión de 'double' a 'GLfloat'; posible pérdida de datos
C:\Users\Brend\OneDrive\Documentos\BRENDA\Compu grafica\Lab CGeIHC\pf\Window.cpp(223,21): warning C4244: '=': conversión de 'double' a 'GLfloat'; posible pérdida de datos
C:\Users\Brend\OneDrive\Documentos\BRENDA\Compu grafica\Lab CGeIHC\pf\Window.h(11,36): warning C4244: 'return': conversión de 'GLint' a 'GLfloat'; posible pérdida de datos
  (compilando archivo de origen "main.cpp")
  
C:\Users\Brend\OneDrive\Documentos\BRENDA\Compu grafica\Lab CGeIHC\pf\Window.h(12,37): warning C4244: 'return': conversión de 'GLint' a 'GLfloat'; posible pérdida de datos
  (compilando archivo de origen "main.cpp")
  
C:\Users\Brend\OneDrive\Documentos\BRENDA\Compu grafica\Lab CGeIHC\pf\main.cpp(601,15): warning C4244: 'inicializando': conversión de 'double' a 'GLfloat'; posible pérdida de datos
C:\Users\Brend\OneDrive\Documentos\BRENDA\Compu grafica\Lab CGeIHC\pf\main.cpp(603,33): warning C4244: '+=': conversión de 'double' a 'GLfloat'; posible pérdida de datos
  Generando código
C:\Users\Brend\OneDrive\Documentos\BRENDA\Compu grafica\Lab CGeIHC\pf\Window.cpp(77): warning C4715: 'Window::Initialise': no todas las rutas de acceso de control devuelven un valor
  5 of 1168 functions ( 0.4%) were compiled, the rest were copied from previous compilation.
    0 functions were new in current compilation
    7 functions had inline decision re-evaluated but remain unchanged
  Generación de código finalizada
  pf.vcxproj -> C:\Users\Brend\OneDrive\Documentos\BRENDA\Compu grafica\Lab CGeIHC\Release\pf.exe
